2012-08-21 16:12:21 quixplorer: ERROR: : Failed adding item. : 
2012-08-21 16:12:53 quixplorer: ERROR: test.txt: Failed adding item. : 
2012-08-21 16:22:49 quixplorer: ERROR: test.txt: Failed adding item. : 
2012-08-21 16:23:24 quixplorer: ERROR: /Users/claudioklingler/Dropbox/projects/QuiXplorer/src/data/test.txt: Failed adding item. : 
2012-08-21 16:24:15 quixplorer: ERROR: /Users/claudioklingler/Dropbox/projects/QuiXplorer/src/data/test.txt: Failed adding item. : 
2012-08-21 16:24:15 quixplorer: ERROR: /Users/claudioklingler/Dropbox/projects/QuiXplorer/src/data/test.txt: Failed adding item. : 
2012-08-21 16:26:17 quixplorer: ERROR: /Users/claudioklingler/Dropbox/projects/QuiXplorer/src/data/test.txt: Failed adding item. : 
2012-08-21 16:26:41 quixplorer: ERROR: /Users/claudioklingler/Dropbox/projects/QuiXplorer/src/data/test.txt: Failed adding item. : 
2012-08-21 16:26:41 quixplorer: ERROR: /Users/claudioklingler/Dropbox/projects/QuiXplorer/src/data/test.txt: Failed adding item. : 
2012-08-21 16:27:37 quixplorer: ERROR: /Users/claudioklingler/Dropbox/projects/QuiXplorer/src/data/test.txt: Failed adding item. : 
2012-08-21 16:30:12 quixplorer: ERROR: /Users/claudioklingler/Dropbox/projects/QuiXplorer/src/data/test.txt: Failed adding item. : 
2012-08-21 16:31:45 quixplorer: ERROR: zipping to  : 
2012-08-21 16:33:09 quixplorer: ERROR: zipping to  : 
2012-08-21 16:33:18 quixplorer: ERROR: zipping to  : 
2012-08-21 16:33:32 quixplorer: ERROR: zipping to /Users/claudioklingler/Dropbox/projects/QuiXplorer/src/data/today : 
2012-08-21 16:33:55 quixplorer: ERROR: data/test.txt: Failed adding item. : 
2012-08-21 16:34:11 quixplorer: ERROR: data/test.txt: Failed adding item. : 
2012-08-21 16:48:11 quixplorer: ERROR: : This file doesn't exist. : 
2012-08-21 16:54:31 quixplorer: ERROR: Downloading selected files from data : 
2012-08-21 16:55:20 quixplorer: ERROR: Downloading  files from data : 
2012-08-21 16:55:35 quixplorer: ERROR: Downloading [] files from data : 
2012-08-21 16:55:45 quixplorer: ERROR: Downloading [] files from data : 
2012-08-21 17:04:28 quixplorer: ERROR: Downloading [Array] files from data : 
2012-08-21 17:07:46 quixplorer: ERROR: Downloading ok.zip files from data : 
2012-08-21 17:08:02 quixplorer: ERROR: Downloading ok.zip files from data : 
2012-08-21 17:08:12 quixplorer: ERROR: Downloading ok2.zip files from data : 
2012-08-21 17:09:57 quixplorer: ERROR: Downloading ok2.zip files from data [Resource id #14.zip] : 
2012-08-21 17:11:28 quixplorer: ERROR: Downloading ok2.zip files from data [/private/var/folders/zw/w3gtc4590nx3k1hmjxf474nc0000gn/T/download_1daA7n.zip] : 
2012-08-21 17:18:18 quixplorer: ERROR: : Failed saving zipfile. : 
2012-08-21 17:18:47 quixplorer: ERROR: /private/var/folders/zw/w3gtc4590nx3k1hmjxf474nc0000gn/T/download_MXNI4L.zip: Failed saving zipfile. : 
2012-08-21 17:19:43 quixplorer: ERROR: /private/var/folders/zw/w3gtc4590nx3k1hmjxf474nc0000gn/T/download_utzM2v: Failed saving zipfile. : 
2012-08-21 17:20:37 quixplorer: ERROR: /private/var/folders/zw/w3gtc4590nx3k1hmjxf474nc0000gn/T/download_yTtXM5: Failed saving zipfile. : 
2012-08-21 17:20:54 quixplorer: ERROR: /private/var/folders/zw/w3gtc4590nx3k1hmjxf474nc0000gn/T/download_1hm3E6: Failed saving zipfile. : 
2012-08-21 17:21:07 quixplorer: ERROR: /private/var/folders/zw/w3gtc4590nx3k1hmjxf474nc0000gn/T/download_l6kBIM: Failed saving zipfile. : 
2012-08-29 06:46:16 quixplorer: ERROR: /private/tmp/download_vOGTFa: Failed saving zipfile. : 
2012-08-29 06:47:05 quixplorer: ERROR: /private/var/folders/zw/w3gtc4590nx3k1hmjxf474nc0000gn/T/download_Y6H3eO: Failed saving zipfile. : 
2012-08-29 06:47:49 quixplorer: ERROR: /private/tmp/download_oBEdGJ: Failed saving zipfile. : 
2012-08-29 06:48:37 quixplorer: ERROR: /private/tmp/download_qgHOC8: Failed saving zipfile. : 
2012-08-29 06:51:58 quixplorer: ERROR: /private/var/folders/zw/w3gtc4590nx3k1hmjxf474nc0000gn/T/download_oB7u9Q: Failed saving zipfile. : 
